  [4;36;1mSQL (0.5ms)[0m   [0;1m SELECT name
 FROM sqlite_master
 WHERE type = 'table' AND NOT name = 'sqlite_sequence'
[0m
  [4;35;1mSQL (0.2ms)[0m   [0mselect sqlite_version(*)[0m
  [4;36;1mSQL (119.4ms)[0m   [0;1mCREATE TABLE "schema_migrations" ("version" varchar(255) NOT NULL) [0m
  [4;35;1mSQL (90.7ms)[0m   [0mCREATE UNIQUE INDEX "unique_schema_migrations" ON "schema_migrations" ("version")[0m
  [4;36;1mSQL (0.5ms)[0m   [0;1m SELECT name
 FROM sqlite_master
 WHERE type = 'table' AND NOT name = 'sqlite_sequence'
[0m
  [4;35;1mSQL (0.2ms)[0m   [0mSELECT version FROM schema_migrations[0m
Migrating to CreateSubjects (1)
  [4;36;1mSQL (0.6ms)[0m   [0;1mCREATE TABLE "subjects" ("id" INTEGER PRIMARY KEY AUTOINCREMENT NOT NULL, "title" varchar(255), "created_at" datetime, "updated_at" datetime) [0m
  [4;35;1mSQL (0.1ms)[0m   [0mINSERT INTO schema_migrations (version) VALUES ('1')[0m
  [4;36;1mSQL (0.6ms)[0m   [0;1m SELECT name
 FROM sqlite_master
 WHERE type = 'table' AND NOT name = 'sqlite_sequence'
[0m
  [4;35;1mSQL (0.3ms)[0m   [0mSELECT version FROM schema_migrations[0m
  [4;36;1mSQL (0.5ms)[0m   [0;1m SELECT name
 FROM sqlite_master
 WHERE type = 'table' AND NOT name = 'sqlite_sequence'
[0m
  [4;35;1mSQL (0.1ms)[0m   [0mPRAGMA index_list("subjects")[0m
  [4;36;1mSQL (0.6ms)[0m   [0;1m SELECT name
 FROM sqlite_master
 WHERE type = 'table' AND NOT name = 'sqlite_sequence'
[0m
  [4;35;1mSQL (0.2ms)[0m   [0mSELECT version FROM schema_migrations[0m
  [4;36;1mSQL (0.2ms)[0m   [0;1mselect sqlite_version(*)[0m
  [4;35;1mSQL (0.3ms)[0m   [0m SELECT name
 FROM sqlite_master
 WHERE type = 'table' AND NOT name = 'sqlite_sequence'
[0m
  [4;36;1mSQL (96.0ms)[0m   [0;1mCREATE TABLE "subjects" ("id" INTEGER PRIMARY KEY AUTOINCREMENT NOT NULL, "title" varchar(255), "created_at" datetime, "updated_at" datetime) [0m
  [4;35;1mSQL (0.5ms)[0m   [0m SELECT name
 FROM sqlite_master
 WHERE type = 'table' AND NOT name = 'sqlite_sequence'
[0m
  [4;36;1mSQL (76.7ms)[0m   [0;1mCREATE TABLE "schema_migrations" ("version" varchar(255) NOT NULL) [0m
  [4;35;1mSQL (90.3ms)[0m   [0mCREATE UNIQUE INDEX "unique_schema_migrations" ON "schema_migrations" ("version")[0m
  [4;36;1mSQL (0.3ms)[0m   [0;1m SELECT name
 FROM sqlite_master
 WHERE type = 'table' AND NOT name = 'sqlite_sequence'
[0m
  [4;35;1mSQL (0.1ms)[0m   [0mSELECT version FROM "schema_migrations"[0m
  [4;36;1mSQL (56.9ms)[0m   [0;1mINSERT INTO "schema_migrations" (version) VALUES ('1')[0m


Processing ApplicationController#index (for 127.0.0.1 at 2009-11-14 21:19:05) [GET]

ActionController::RoutingError (No route matches "/" with {:method=>:get}):
  

Rendering rescues/layout (not_found)


Processing SubjectsController#index (for 127.0.0.1 at 2009-11-14 21:19:23) [GET]
  [4;36;1mSubject Load (0.5ms)[0m   [0;1mSELECT * FROM "subjects" [0m

ActionView::MissingTemplate (Missing template subjects/index.erb in view path app/views):
  

Rendering rescues/layout (internal_server_error)


Processing ApplicationController#index (for 127.0.0.1 at 2009-11-14 21:19:37) [GET]

ActionController::RoutingError (No route matches "/" with {:method=>:get}):
  

Rendering rescues/layout (not_found)


Processing SubjectsController#index (for 127.0.0.1 at 2009-11-14 21:37:04) [GET]
  [4;35;1mSubject Load (0.4ms)[0m   [0mSELECT * FROM "subjects" [0m

ActionView::MissingTemplate (Missing template subjects/index.erb in view path app/views):
  

Rendering rescues/layout (internal_server_error)


Processing SubjectsController#index (for 127.0.0.1 at 2009-11-14 21:48:01) [GET]
  [4;36;1mSubject Load (0.4ms)[0m   [0;1mSELECT * FROM "subjects" [0m
Rendering subjects/index
Completed in 14ms (View: 8, DB: 0) | 200 OK [http://localhost/]


Processing SubjectsController#index (for 127.0.0.1 at 2009-11-14 21:48:49) [GET]
  [4;35;1mSubject Load (0.6ms)[0m   [0mSELECT * FROM "subjects" [0m
Rendering subjects/index
Completed in 10ms (View: 3, DB: 1) | 200 OK [http://localhost/]


Processing SubjectsController#index (for 127.0.0.1 at 2009-11-14 21:50:19) [GET]
  [4;36;1mSubject Load (0.6ms)[0m   [0;1mSELECT * FROM "subjects" [0m
Rendering subjects/index
Completed in 14ms (View: 7, DB: 1) | 200 OK [http://localhost/]
  [4;36;1mSubject Create (0.4ms)[0m   [0;1mINSERT INTO "subjects" ("created_at", "title", "updated_at") VALUES('2009-11-14 23:51:53', 'Jogos da Liga', '2009-11-14 23:51:53')[0m


Processing SubjectsController#index (for 127.0.0.1 at 2009-11-14 21:51:55) [GET]
  [4;35;1mSubject Load (0.7ms)[0m   [0mSELECT * FROM "subjects" [0m
Rendering subjects/index
Completed in 9ms (View: 2, DB: 1) | 200 OK [http://localhost/]
  [4;35;1mSubject Create (0.5ms)[0m   [0mINSERT INTO "subjects" ("created_at", "title", "updated_at") VALUES('2009-11-14 23:52:37', 'Papel Timbrado', '2009-11-14 23:52:37')[0m


Processing SubjectsController#index (for 127.0.0.1 at 2009-11-14 21:52:39) [GET]
  [4;36;1mSubject Load (0.8ms)[0m   [0;1mSELECT * FROM "subjects" [0m
Rendering subjects/index
Completed in 9ms (View: 2, DB: 1) | 200 OK [http://localhost/]


Processing SubjectsController#new (for 127.0.0.1 at 2009-11-14 22:01:14) [GET]

ActionController::UnknownAction (No action responded to new. Actions: index):
  

Rendering rescues/layout (not_found)


Processing SubjectsController#new (for 127.0.0.1 at 2009-11-14 22:30:17) [GET]
Rendering subjects/new
Completed in 39ms (View: 32, DB: 0) | 200 OK [http://localhost/subjects/new]


Processing ApplicationController#index (for 127.0.0.1 at 2009-11-14 22:33:08) [POST]
  Parameters: {"commit"=>"Criar", "authenticity_token"=>"aPY2W1CFRsgtYQa0qwManO5ITY4PtJfjQCb0ukGlwB4=", "subject"=>{"title"=>"Depósito"}}

ActionController::MethodNotAllowed (Only get requests are allowed.):
  

Rendered rescues/_trace (33.6ms)
Rendered rescues/_request_and_response (1.5ms)
Rendering rescues/layout (method_not_allowed)


Processing ApplicationController#index (for 127.0.0.1 at 2009-11-14 22:33:20) [POST]
  Parameters: {"commit"=>"Criar", "authenticity_token"=>"aPY2W1CFRsgtYQa0qwManO5ITY4PtJfjQCb0ukGlwB4=", "subject"=>{"title"=>"Depósito"}}

ActionController::MethodNotAllowed (Only get requests are allowed.):
  

Rendered rescues/_trace (29.2ms)
Rendered rescues/_request_and_response (0.4ms)
Rendering rescues/layout (method_not_allowed)


Processing SubjectsController#new (for 127.0.0.1 at 2009-11-14 22:34:53) [GET]
Rendering subjects/new
Completed in 15ms (View: 8, DB: 0) | 200 OK [http://localhost/subjects/new]


Processing SubjectsController#new (for 127.0.0.1 at 2009-11-14 22:34:54) [GET]
Rendering subjects/new
Completed in 12ms (View: 4, DB: 0) | 200 OK [http://localhost/subjects/new]


Processing SubjectsController#new (for 127.0.0.1 at 2009-11-14 22:36:20) [GET]
Rendering subjects/new
Completed in 17ms (View: 9, DB: 0) | 200 OK [http://localhost/subjects/new]


Processing ApplicationController#index (for 127.0.0.1 at 2009-11-14 22:37:55) [POST]
  Parameters: {"commit"=>"Criar", "authenticity_token"=>"aPY2W1CFRsgtYQa0qwManO5ITY4PtJfjQCb0ukGlwB4=", "subject"=>{"title"=>"Depósito"}}

ActionController::MethodNotAllowed (Only get requests are allowed.):
  

Rendered rescues/_trace (62.9ms)
Rendered rescues/_request_and_response (0.4ms)
Rendering rescues/layout (method_not_allowed)


Processing SubjectsController#create (for 127.0.0.1 at 2009-11-14 22:43:53) [POST]
  Parameters: {"commit"=>"Criar", "authenticity_token"=>"aPY2W1CFRsgtYQa0qwManO5ITY4PtJfjQCb0ukGlwB4=", "subject"=>{"title"=>"Depósito"}}

ActionController::UnknownAction (No action responded to create. Actions: index and new):
  

Rendering rescues/layout (not_found)


Processing SubjectsController#create (for 127.0.0.1 at 2009-11-14 22:58:49) [POST]
  Parameters: {"commit"=>"Criar", "authenticity_token"=>"aPY2W1CFRsgtYQa0qwManO5ITY4PtJfjQCb0ukGlwB4=", "subject"=>{"title"=>"Depósito"}}
  [4;35;1mSubject Create (0.4ms)[0m   [0mINSERT INTO "subjects" ("created_at", "title", "updated_at") VALUES('2009-11-15 00:58:49', 'Depósito', '2009-11-15 00:58:49')[0m

ActionView::MissingTemplate (Missing template subjects/create.erb in view path app/views):
  

Rendering rescues/layout (internal_server_error)


Processing SubjectsController#new (for 127.0.0.1 at 2009-11-14 23:05:34) [GET]
Rendering subjects/new
Completed in 16ms (View: 9, DB: 0) | 200 OK [http://localhost/subjects/new]


Processing SubjectsController#create (for 127.0.0.1 at 2009-11-14 23:05:36) [POST]
  Parameters: {"commit"=>"Criar", "authenticity_token"=>"aPY2W1CFRsgtYQa0qwManO5ITY4PtJfjQCb0ukGlwB4=", "subject"=>{"title"=>"Depósito"}}
  [4;36;1mSubject Create (0.3ms)[0m   [0;1mINSERT INTO "subjects" ("created_at", "title", "updated_at") VALUES('2009-11-15 01:05:36', 'Depósito', '2009-11-15 01:05:36')[0m
Redirected to http://localhost:3000/subjects/2089548107
Completed in 63ms (DB: 0) | 302 Found [http://localhost/subjects]


Processing SubjectsController#show (for 127.0.0.1 at 2009-11-14 23:05:36) [GET]
  Parameters: {"id"=>"2089548107"}

ActionController::UnknownAction (No action responded to show. Actions: create, index, and new):
  

Rendering rescues/layout (not_found)


Processing SubjectsController#create (for 127.0.0.1 at 2009-11-14 23:09:36) [POST]
  Parameters: {"commit"=>"Criar", "authenticity_token"=>"aPY2W1CFRsgtYQa0qwManO5ITY4PtJfjQCb0ukGlwB4=", "subject"=>{"title"=>""}}
Rendering subjects/new
Completed in 18ms (View: 8, DB: 0) | 200 OK [http://localhost/subjects]


Processing SubjectsController#create (for 127.0.0.1 at 2009-11-14 23:09:40) [POST]
  Parameters: {"commit"=>"Criar", "authenticity_token"=>"aPY2W1CFRsgtYQa0qwManO5ITY4PtJfjQCb0ukGlwB4=", "subject"=>{"title"=>""}}
Rendering subjects/new
Completed in 17ms (View: 8, DB: 0) | 200 OK [http://localhost/subjects]


Processing SubjectsController#create (for 127.0.0.1 at 2009-11-14 23:09:41) [POST]
  Parameters: {"commit"=>"Criar", "authenticity_token"=>"aPY2W1CFRsgtYQa0qwManO5ITY4PtJfjQCb0ukGlwB4=", "subject"=>{"title"=>""}}
Rendering subjects/new
Completed in 17ms (View: 8, DB: 0) | 200 OK [http://localhost/subjects]


Processing SubjectsController#new (for 127.0.0.1 at 2009-11-14 23:11:45) [GET]
Rendering template within layouts/application
Rendering subjects/new
Completed in 23ms (View: 14, DB: 0) | 200 OK [http://localhost/subjects/new]


Processing ApplicationController#index (for 127.0.0.1 at 2009-11-14 23:11:45) [GET]

ActionController::RoutingError (No route matches "/stylesheets/application.css" with {:method=>:get}):
  

Rendering rescues/layout (not_found)


Processing SubjectsController#create (for 127.0.0.1 at 2009-11-14 23:11:47) [POST]
  Parameters: {"commit"=>"Criar", "authenticity_token"=>"aPY2W1CFRsgtYQa0qwManO5ITY4PtJfjQCb0ukGlwB4=", "subject"=>{"title"=>""}}
Rendering template within layouts/application
Rendering subjects/new
Completed in 20ms (View: 11, DB: 0) | 200 OK [http://localhost/subjects]


Processing ApplicationController#index (for 127.0.0.1 at 2009-11-14 23:11:47) [GET]

ActionController::RoutingError (No route matches "/stylesheets/application.css" with {:method=>:get}):
  

Rendering rescues/layout (not_found)


Processing SubjectsController#create (for 127.0.0.1 at 2009-11-14 23:13:05) [POST]
  Parameters: {"commit"=>"Criar", "authenticity_token"=>"aPY2W1CFRsgtYQa0qwManO5ITY4PtJfjQCb0ukGlwB4=", "subject"=>{"title"=>""}}
Rendering template within layouts/application
Rendering subjects/new
Completed in 75ms (View: 13, DB: 0) | 200 OK [http://localhost/subjects]


Processing SubjectsController#new (for 127.0.0.1 at 2009-11-14 23:13:10) [GET]
Rendering template within layouts/application
Rendering subjects/new
Completed in 34ms (View: 8, DB: 0) | 200 OK [http://localhost/subjects/new]


Processing SubjectsController#create (for 127.0.0.1 at 2009-11-14 23:13:12) [POST]
  Parameters: {"commit"=>"Criar", "authenticity_token"=>"aPY2W1CFRsgtYQa0qwManO5ITY4PtJfjQCb0ukGlwB4=", "subject"=>{"title"=>""}}
Rendering template within layouts/application
Rendering subjects/new
Completed in 21ms (View: 11, DB: 0) | 200 OK [http://localhost/subjects]


Processing SubjectsController#create (for 127.0.0.1 at 2009-11-14 23:14:38) [POST]
  Parameters: {"commit"=>"Criar", "authenticity_token"=>"aPY2W1CFRsgtYQa0qwManO5ITY4PtJfjQCb0ukGlwB4=", "subject"=>{"title"=>""}}
Rendering template within layouts/application
Rendering subjects/new
Completed in 31ms (View: 20, DB: 0) | 200 OK [http://localhost/subjects]


Processing SubjectsController#create (for 127.0.0.1 at 2009-11-14 23:15:58) [POST]
  Parameters: {"commit"=>"Criar", "authenticity_token"=>"aPY2W1CFRsgtYQa0qwManO5ITY4PtJfjQCb0ukGlwB4=", "subject"=>{"title"=>""}}
Rendering template within layouts/application
Rendering subjects/new
Completed in 24ms (View: 14, DB: 0) | 200 OK [http://localhost/subjects]


Processing SubjectsController#new (for 127.0.0.1 at 2009-11-14 23:16:21) [GET]
Rendering template within layouts/application
Rendering subjects/new
Completed in 16ms (View: 8, DB: 0) | 200 OK [http://localhost/subjects/new]


Processing SubjectsController#create (for 127.0.0.1 at 2009-11-14 23:16:23) [POST]
  Parameters: {"commit"=>"Criar", "authenticity_token"=>"aPY2W1CFRsgtYQa0qwManO5ITY4PtJfjQCb0ukGlwB4=", "subject"=>{"title"=>""}}
Rendering template within layouts/application
Rendering subjects/new
Completed in 71ms (View: 61, DB: 0) | 200 OK [http://localhost/subjects]


Processing ApplicationController#index (for 127.0.0.1 at 2009-11-18 16:02:33) [GET]

ActionController::RoutingError (No route matches "/i" with {:method=>:get}):
  

Rendering rescues/layout (not_found)


Processing SubjectsController#index (for 127.0.0.1 at 2009-11-18 16:02:57) [GET]
  [4;36;1mSubject Load (1.2ms)[0m   [0;1mSELECT * FROM "subjects" [0m
Rendering template within layouts/application
Rendering subjects/index
Completed in 43ms (View: 35, DB: 1) | 200 OK [http://localhost/]


Processing ApplicationController#index (for 127.0.0.1 at 2009-11-18 16:08:09) [GET]

ActionController::RoutingError (No route matches "/sub" with {:method=>:get}):
  

Rendering rescues/layout (not_found)


Processing SubjectsController#index (for 127.0.0.1 at 2009-11-18 16:08:19) [GET]
  [4;35;1mSubject Load (1.1ms)[0m   [0mSELECT * FROM "subjects" [0m
Rendering template within layouts/application
Rendering subjects/index
Completed in 14ms (View: 6, DB: 1) | 200 OK [http://localhost/subjects]


Processing SubjectsController#index (for 127.0.0.1 at 2009-11-18 16:08:20) [GET]
  [4;36;1mSubject Load (0.9ms)[0m   [0;1mSELECT * FROM "subjects" [0m
Rendering template within layouts/application
Rendering subjects/index
Completed in 13ms (View: 5, DB: 1) | 200 OK [http://localhost/subjects]


Processing SubjectsController#new (for 127.0.0.1 at 2009-11-18 16:08:35) [GET]
Rendering template within layouts/application
Rendering subjects/new
Completed in 27ms (View: 19, DB: 0) | 200 OK [http://localhost/subjects/new]


Processing SubjectsController#create (for 127.0.0.1 at 2009-11-18 16:08:50) [POST]
  Parameters: {"commit"=>"Criar", "authenticity_token"=>"yJgz2YFe3KhhOFzpsvmx6lp46VTY+fuOFapBff8YbFo=", "subject"=>{"title"=>"Churrasco de fim de ano"}}
  [4;35;1mSubject Create (0.4ms)[0m   [0mINSERT INTO "subjects" ("created_at", "title", "updated_at") VALUES('2009-11-18 18:08:50', 'Churrasco de fim de ano', '2009-11-18 18:08:50')[0m
Redirected to http://localhost:3000/subjects/2089548108
Completed in 63ms (DB: 0) | 302 Found [http://localhost/subjects]


Processing SubjectsController#show (for 127.0.0.1 at 2009-11-18 16:08:50) [GET]
  Parameters: {"id"=>"2089548108"}

ActionController::UnknownAction (No action responded to show. Actions: create, index, and new):
  

Rendering rescues/layout (not_found)
